libva info: VA-API version 1.22.0
libva info: Trying to open /run/opengl-driver/lib/dri/radeonsi_drv_video.so
libva info: Found init function __vaDriverInit_1_22
libva info: va_openDriver() returns 0
Vesktop v1.5.8
Disabled Chromium features: WinRetrieveSuggestionsOnlyOnDemand, HardwareMediaKeyHandling, MediaSessionService
WARNING: radv is not a conformant Vulkan implementation, testing use only.
[[38;2;88;101;242marRPC[0m > [38;2;254;231;92mipc[0m] listening at /run/user/1000/discord-ipc-0
[[38;2;88;101;242marRPC[0m > [38;2;235;69;158mwebsocket[0m] listening on 6463
[[38;2;88;101;242marRPC[0m > [38;2;237;66;69mprocess[0m] started
[13450:0906/220621.375323:ERROR:ui/gl/gl_surface_presentation_helper.cc:260] GetVSyncParametersIfAvailable() failed for 1 times!
[13450:0906/220703.942571:ERROR:ui/gl/gl_surface_presentation_helper.cc:260] GetVSyncParametersIfAvailable() failed for 2 times!
[13450:0906/220722.641873:ERROR:ui/gl/gl_surface_presentation_helper.cc:260] GetVSyncParametersIfAvailable() failed for 3 times!
[13492:0906/221430.837701:ERROR:third_party/webrtc/pc/srtp_transport.cc:131] Failed to unprotect RTP packet: size=201, seqnum=44016, SSRC=11811, previous failure count: 0
Error: Failed to open Wayland display, fallback to X11. WAYLAND_DISPLAY='wayland-1' DISPLAY=':0'
[GFX1-]: RenderCompositorSWGL failed mapping default framebuffer, no dt
[13321:0907/012415.802474:FATAL:electron/shell/browser/electron_browser_main_parts.cc:501] Failed to shutdown.
[Child 21640, AudioIPC Client Callback] WARNING: 7fca84509820 StateCallback() state 2 cubeb error: file /build/firefox-141.0.3/dom/media/AudioStream.cpp:683
[Child 10256, AudioIPC Client Callback] WARNING: 7fca803285e0 StateCallback() state 2 cubeb error: file /build/firefox-141.0.3/dom/media/AudioStream.cpp:683
[Child 21640, MediaDecoderStateMachine #10] WARNING: Decoder=7fca7c905c00 [OnMediaSinkAudioError]: file /build/firefox-141.0.3/dom/media/MediaDecoderStateMachine.cpp:4637
[Child 10256, MediaDecoderStateMachine #24] WARNING: Decoder=7fca8c526600 [OnMediaSinkAudioError]: file /build/firefox-141.0.3/dom/media/MediaDecoderStateMachine.cpp:4637
[Parent 9349, Main Thread] WARNING: g_dbus_connection_unregister_object: assertion 'G_IS_DBUS_CONNECTION (connection)' failed: 'glib warning', file /build/firefox-141.0.3/toolkit/xre/nsSigHandlers.cpp:201

(firefox:9349): GLib-GIO-CRITICAL **: 01:24:15.892: g_dbus_connection_unregister_object: assertion 'G_IS_DBUS_CONNECTION (connection)' failed
[Parent 9349, Main Thread] WARNING: nsDBusRemoteServer: Unable to unregister root object from within onNameLost!: 'glib warning', file /build/firefox-141.0.3/toolkit/xre/nsSigHandlers.cpp:201

** (firefox:9349): WARNING **: 01:24:15.892: nsDBusRemoteServer: Unable to unregister root object from within onNameLost!
Exiting due to channel error.
Exiting due to channel error.
Exiting due to channel error.
Exiting due to channel error.
Exiting due to channel error.
Exiting due to channel error.
Exiting due to channel error.
Exiting due to channel error.
Exiting due to channel error.
Exiting due to channel error.
Exiting due to channel error.
Exiting due to channel error.
Exiting due to channel error.
Exiting due to channel error.
Exiting due to channel error.
Exiting due to channel error.
Exiting due to channel error.
Exiting due to channel error.
Exiting due to channel error.
Exiting due to channel error.
Exiting due to channel error.
Exiting due to channel error.
Exiting due to channel error.
Exiting due to channel error.
libva info: VA-API version 1.22.0
libva info: Trying to open /run/opengl-driver/lib/dri/radeonsi_drv_video.so
libva info: Found init function __vaDriverInit_1_22
libva info: va_openDriver() returns 0
[Parent 5591, Main Thread] WARNING: g_dbus_connection_unregister_object: assertion 'G_IS_DBUS_CONNECTION (connection)' failed: 'glib warning', file /build/firefox-141.0.3/toolkit/xre/nsSigHandlers.cpp:201

(firefox:5591): GLib-GIO-CRITICAL **: 01:32:31.174: g_dbus_connection_unregister_object: assertion 'G_IS_DBUS_CONNECTION (connection)' failed
[Parent 5591, Main Thread] WARNING: nsDBusRemoteServer: Unable to unregister root object from within onNameLost!: 'glib warning', file /build/firefox-141.0.3/toolkit/xre/nsSigHandlers.cpp:201

** (firefox:5591): WARNING **: 01:32:31.174: nsDBusRemoteServer: Unable to unregister root object from within onNameLost!
Exiting due to channel error.
Exiting due to channel error.
Exiting due to channel error.
Exiting due to channel error.
Exiting due to channel error.
[GFX1-]: CompositorBridgeChild receives IPC close with reason=AbnormalShutdown
Exiting due to channel error.
Exiting due to channel error.
Exiting due to channel error.
[ERROR error_support::handling] suggest-unexpected: Error executing SQL: interrupted (context: <none>)
